<?xml version="1.0" encoding="UTF-8"?>
<!-- Generated by org.testng.reporters.JUnitReportReporter -->
<testsuite hostname="DESKTOP-QHF030L" failures="0" tests="4" name="api.test.UserTests2" time="3.929" errors="0" timestamp="2024-10-06T15:19:35 IST" skipped="0">
  <testcase classname="api.test.UserTests2" name="testPostUser" time="1.931"/>
  <system-out/>
  <testcase classname="api.test.UserTests2" name="testGetUserByName" time="0.493"/>
  <system-out/>
  <testcase classname="api.test.UserTests2" name="testUpdateUserByName" time="1.007"/>
  <system-out/>
  <testcase classname="api.test.UserTests2" name="testDeleteUserByName" time="0.498"/>
  <system-out/>
</testsuite> <!-- api.test.UserTests2 -->
