<?xml version="1.0" encoding="UTF-8"?>
<!-- Generated by org.testng.reporters.JUnitReportReporter -->
<testsuite hostname="DESKTOP-QHF030L" failures="0" tests="1" name="chaining_GoRestAPI.GetUser" time="0.429" errors="0" timestamp="2024-10-01T11:43:49 IST" skipped="0">
  <testcase classname="chaining_GoRestAPI.GetUser" name="test_getuser" time="0.429"/>
  <system-out/>
</testsuite> <!-- chaining_GoRestAPI.GetUser -->
