<?xml version="1.0" encoding="UTF-8"?>
<!-- Generated by org.testng.reporters.JUnitReportReporter -->
<testsuite hostname="DESKTOP-QHF030L" failures="0" tests="2" name="fileUploadAndDownload.FileUploadAndDownload" time="1.798" errors="0" timestamp="2024-09-25T09:45:14 IST" skipped="0">
  <testcase classname="fileUploadAndDownload.FileUploadAndDownload" name="singleFileUpload" time="1.768"/>
  <system-out/>
  <testcase classname="fileUploadAndDownload.FileUploadAndDownload" name="fileDownload" time="0.030"/>
  <system-out/>
</testsuite> <!-- fileUploadAndDownload.FileUploadAndDownload -->
