<?xml version="1.0" encoding="UTF-8"?>
<!-- Generated by org.testng.reporters.JUnitReportReporter -->
<testsuite hostname="DESKTOP-QHF030L" failures="0" tests="1" name="chaining_GoRestAPI.UpdateUser" time="0.688" errors="0" timestamp="2024-10-01T11:43:49 IST" skipped="0">
  <testcase classname="chaining_GoRestAPI.UpdateUser" name="test_updateuser" time="0.688"/>
  <system-out/>
</testsuite> <!-- chaining_GoRestAPI.UpdateUser -->
