<?xml version="1.0" encoding="UTF-8"?>
<!-- Generated by org.testng.reporters.JUnitReportReporter -->
<testsuite hostname="DESKTOP-QHF030L" failures="0" tests="4" name="api.test.UserTests" time="3.918" errors="0" timestamp="2024-10-06T15:20:35 IST" skipped="0">
  <testcase classname="api.test.UserTests" name="testPostUser" time="1.938"/>
  <system-out/>
  <testcase classname="api.test.UserTests" name="testGetUserByName" time="0.501"/>
  <system-out/>
  <testcase classname="api.test.UserTests" name="testUpdateUserByName" time="0.994"/>
  <system-out/>
  <testcase classname="api.test.UserTests" name="testDeleteUserByName" time="0.485"/>
  <system-out/>
</testsuite> <!-- api.test.UserTests -->
