<?xml version="1.0" encoding="UTF-8"?>
<!-- Generated by org.testng.reporters.JUnitReportReporter -->
<testsuite hostname="DESKTOP-QHF030L" failures="0" tests="1" name="parsingJSONResponseData.ParsingJSONResponseData" time="1.200" errors="0" timestamp="2024-09-23T21:01:58 IST" skipped="0">
  <testcase classname="parsingJSONResponseData.ParsingJSONResponseData" name="testJsonResponseBodyData" time="1.200"/>
  <system-out/>
</testsuite> <!-- parsingJSONResponseData.ParsingJSONResponseData -->
