<?xml version="1.0" encoding="UTF-8"?>
<!-- Generated by org.testng.reporters.JUnitReportReporter -->
<testsuite hostname="DESKTOP-QHF030L" failures="0" tests="1" name="authetication.Authentications" time="1.647" errors="0" timestamp="2024-09-30T22:17:36 IST" skipped="0">
  <testcase classname="authetication.Authentications" name="testBearerTokenAuthentication" time="1.647"/>
  <system-out/>
</testsuite> <!-- authetication.Authentications -->
