<?xml version="1.0" encoding="UTF-8"?>
<!-- Generated by org.testng.reporters.JUnitReportReporter -->
<testsuite hostname="DESKTOP-QHF030L" failures="0" tests="1" name="pathAndQueryParameters.HeadersDemo" time="1.505" errors="0" timestamp="2024-09-23T20:20:53 IST" skipped="0">
  <testcase classname="pathAndQueryParameters.HeadersDemo" name="testHeaders" time="1.505"/>
  <system-out/>
</testsuite> <!-- pathAndQueryParameters.HeadersDemo -->
