<?xml version="1.0" encoding="UTF-8"?>
<!-- Generated by org.testng.reporters.JUnitReportReporter -->
<testsuite hostname="DESKTOP-QHF030L" failures="0" tests="1" name="DiffWaysToCreatePostRequestBody.DiffWaysToCreatePostRequestBody" time="0.971" errors="0" timestamp="2024-09-23T12:39:16 IST" skipped="0">
  <testcase classname="DiffWaysToCreatePostRequestBody.DiffWaysToCreatePostRequestBody" name="testDelete" time="0.971"/>
  <system-out/>
</testsuite> <!-- DiffWaysToCreatePostRequestBody.DiffWaysToCreatePostRequestBody -->
