<?xml version="1.0" encoding="UTF-8"?>
<!-- Generated by org.testng.reporters.JUnitReportReporter -->
<testsuite hostname="DESKTOP-QHF030L" failures="0" tests="1" name="chaining_studentAPI.GetStudent" time="0.075" errors="0" timestamp="2024-10-02T09:40:03 IST" skipped="0">
  <testcase classname="chaining_studentAPI.GetStudent" name="getStudent" time="0.075"/>
  <system-out/>
</testsuite> <!-- chaining_studentAPI.GetStudent -->
