<?xml version="1.0" encoding="UTF-8"?>
<!-- Generated by org.testng.reporters.JUnitReportReporter -->
<testsuite hostname="DESKTOP-QHF030L" failures="0" tests="1" name="pathAndQueryParameters.CookiesDemo" time="1.413" errors="0" timestamp="2024-09-23T20:44:04 IST" skipped="0">
  <testcase classname="pathAndQueryParameters.CookiesDemo" name="getCookiesInfo" time="1.413"/>
  <system-out/>
</testsuite> <!-- pathAndQueryParameters.CookiesDemo -->
