<?xml version="1.0" encoding="UTF-8"?>
<!-- Generated by org.testng.reporters.JUnitReportReporter -->
<testsuite hostname="DESKTOP-QHF030L" failures="0" tests="1" name="chaining_GoRestAPI.CreateUser" time="2.635" errors="0" timestamp="2024-10-01T11:43:49 IST" skipped="0">
  <testcase classname="chaining_GoRestAPI.CreateUser" name="test_createuser" time="2.635"/>
  <system-out/>
</testsuite> <!-- chaining_GoRestAPI.CreateUser -->
