<?xml version="1.0" encoding="UTF-8"?>
<!-- Generated by org.testng.reporters.JUnitReportReporter -->
<testsuite hostname="DESKTOP-QHF030L" failures="0" tests="4" name="request1.HTTPRequests" time="2.400" errors="0" timestamp="2024-09-27T21:55:00 IST" skipped="0">
  <testcase classname="request1.HTTPRequests" name="getUsers" time="1.749"/>
  <system-out/>
  <testcase classname="request1.HTTPRequests" name="createUser" time="0.375"/>
  <system-out/>
  <testcase classname="request1.HTTPRequests" name="updateUser" time="0.144"/>
  <system-out/>
  <testcase classname="request1.HTTPRequests" name="deleteUser" time="0.132"/>
  <system-out/>
</testsuite> <!-- request1.HTTPRequests -->
