<?xml version="1.0" encoding="UTF-8"?>
<!-- Generated by org.testng.reporters.JUnitReportReporter -->
<testsuite hostname="DESKTOP-QHF030L" failures="0" tests="1" name="authetication.ParsingJSONArray_StudentsAPI" time="1.120" errors="0" timestamp="2024-09-30T22:06:32 IST" skipped="0">
  <testcase classname="authetication.ParsingJSONArray_StudentsAPI" name="testJsonResponseBodyData" time="1.120"/>
  <system-out/>
</testsuite> <!-- authetication.ParsingJSONArray_StudentsAPI -->
