<?xml version="1.0" encoding="UTF-8"?>
<!-- Generated by org.testng.reporters.JUnitReportReporter -->
<testsuite hostname="DESKTOP-QHF030L" failures="0" tests="1" name="chaining_studentAPI.UpdateStudent" time="0.023" errors="0" timestamp="2024-10-02T09:40:03 IST" skipped="0">
  <testcase classname="chaining_studentAPI.UpdateStudent" name="updateStudent" time="0.023"/>
  <system-out/>
</testsuite> <!-- chaining_studentAPI.UpdateStudent -->
