<?xml version="1.0" encoding="UTF-8"?>
<!-- Generated by org.testng.reporters.JUnitReportReporter -->
<testsuite hostname="DESKTOP-QHF030L" failures="0" tests="1" name="xmlSchemaValidation.XMLSchemaValidation" time="1.820" errors="0" timestamp="2024-09-29T17:11:22 IST" skipped="0">
  <testcase classname="xmlSchemaValidation.XMLSchemaValidation" name="xmlSchemavalidation" time="1.820"/>
  <system-out/>
</testsuite> <!-- xmlSchemaValidation.XMLSchemaValidation -->
