<?xml version="1.0" encoding="UTF-8"?>
<!-- Generated by org.testng.reporters.JUnitReportReporter -->
<testsuite hostname="DESKTOP-QHF030L" failures="0" tests="4" name="api.test.UserTests" time="3.934" errors="0" timestamp="2024-10-06T16:25:16 IST" skipped="0">
  <testcase classname="api.test.UserTests" name="testPostUser" time="1.924"/>
  <system-out/>
  <testcase classname="api.test.UserTests" name="testGetUserByName" time="0.515"/>
  <system-out/>
  <testcase classname="api.test.UserTests" name="testUpdateUserByName" time="0.998"/>
  <system-out/>
  <testcase classname="api.test.UserTests" name="testDeleteUserByName" time="0.497"/>
  <system-out/>
</testsuite> <!-- api.test.UserTests -->
